TN:
SF:www/game.js
FN:2,(anonymous_0)
FN:4,(anonymous_1)
FN:6,(anonymous_2)
FN:7,(anonymous_3)
FN:11,(anonymous_4)
FN:15,(anonymous_5)
FN:35,(anonymous_6)
FN:49,(anonymous_7)
FN:57,(anonymous_8)
FN:92,(anonymous_9)
FN:103,(anonymous_10)
FN:105,(anonymous_11)
FN:121,(anonymous_12)
FN:123,(anonymous_13)
FN:139,(anonymous_14)
FN:161,(anonymous_15)
FN:178,(anonymous_16)
FN:212,(anonymous_17)
FN:244,(anonymous_18)
FN:246,(anonymous_19)
FN:247,(anonymous_20)
FNF:21
FNH:19
FNDA:38,(anonymous_0)
FNDA:150,(anonymous_1)
FNDA:150,(anonymous_2)
FNDA:150,(anonymous_3)
FNDA:54,(anonymous_4)
FNDA:51,(anonymous_5)
FNDA:99,(anonymous_6)
FNDA:53,(anonymous_7)
FNDA:1,(anonymous_8)
FNDA:1,(anonymous_9)
FNDA:5,(anonymous_10)
FNDA:20,(anonymous_11)
FNDA:5,(anonymous_12)
FNDA:20,(anonymous_13)
FNDA:3,(anonymous_14)
FNDA:3,(anonymous_15)
FNDA:3,(anonymous_16)
FNDA:5,(anonymous_17)
FNDA:3,(anonymous_18)
FNDA:0,(anonymous_19)
FNDA:0,(anonymous_20)
DA:3,38
DA:4,150
DA:5,38
DA:6,150
DA:7,150
DA:8,38
DA:12,54
DA:16,51
DA:19,50
DA:20,3
DA:24,47
DA:25,0
DA:28,47
DA:29,47
DA:30,47
DA:31,47
DA:32,47
DA:37,99
DA:38,97
DA:39,97
DA:42,95
DA:43,93
DA:44,92
DA:46,89
DA:50,53
DA:52,53
DA:53,53
DA:54,53
DA:59,1
DA:60,1
DA:63,1
DA:65,1
DA:66,3
DA:67,3
DA:70,3
DA:71,3
DA:72,3
DA:73,3
DA:74,3
DA:75,3
DA:77,3
DA:78,2
DA:79,2
DA:82,3
DA:83,3
DA:84,0
DA:85,0
DA:89,1
DA:95,1
DA:96,2
DA:97,2
DA:98,2
DA:99,2
DA:104,5
DA:105,5
DA:106,20
DA:108,5
DA:109,5
DA:110,5
DA:112,5
DA:113,0
DA:114,5
DA:115,0
DA:118,5
DA:122,5
DA:123,5
DA:124,20
DA:126,15
DA:127,15
DA:128,15
DA:130,15
DA:131,1
DA:132,14
DA:133,1
DA:136,5
DA:140,3
DA:141,3
DA:142,18
DA:143,108
DA:146,4
DA:148,4
DA:151,4
DA:152,1
DA:153,3
DA:154,1
DA:158,3
DA:162,3
DA:163,3
DA:164,18
DA:165,108
DA:168,21
DA:169,1
DA:170,20
DA:171,4
DA:175,3
DA:179,3
DA:180,3
DA:183,3
DA:184,18
DA:185,14
DA:186,84
DA:189,18
DA:190,16
DA:191,96
DA:197,3
DA:198,18
DA:199,14
DA:200,84
DA:203,18
DA:204,16
DA:205,96
DA:209,3
DA:213,5
DA:215,5
DA:216,30
DA:217,150
DA:218,21
DA:219,1
DA:221,21
DA:222,1
DA:229,5
DA:230,30
DA:231,150
DA:232,21
DA:233,1
DA:235,21
DA:236,2
DA:241,5
DA:245,3
DA:246,0
DA:247,0
DA:253,2
DA:254,2
DA:256,0
LF:134
LH:126
BRDA:12,0,0,1
BRDA:12,0,1,53
BRDA:16,1,0,1
BRDA:16,1,1,50
BRDA:19,2,0,3
BRDA:19,2,1,47
BRDA:24,3,0,0
BRDA:24,3,1,47
BRDA:37,4,0,2
BRDA:37,4,1,97
BRDA:37,5,0,99
BRDA:37,5,1,59
BRDA:37,5,2,13
BRDA:38,6,0,0
BRDA:38,6,1,97
BRDA:38,7,0,97
BRDA:38,7,1,69
BRDA:38,7,2,12
BRDA:39,8,0,2
BRDA:39,8,1,95
BRDA:39,9,0,97
BRDA:39,9,1,81
BRDA:39,9,2,67
BRDA:39,9,3,21
BRDA:42,10,0,2
BRDA:42,10,1,93
BRDA:42,11,0,95
BRDA:42,11,1,54
BRDA:42,11,2,18
BRDA:43,12,0,1
BRDA:43,12,1,92
BRDA:43,13,0,93
BRDA:43,13,1,62
BRDA:43,13,2,11
BRDA:44,14,0,3
BRDA:44,14,1,89
BRDA:44,15,0,92
BRDA:44,15,1,63
BRDA:44,15,2,55
BRDA:44,15,3,17
BRDA:52,16,0,0
BRDA:52,16,1,53
BRDA:53,17,0,0
BRDA:53,17,1,53
BRDA:77,18,0,2
BRDA:77,18,1,1
BRDA:83,19,0,0
BRDA:83,19,1,3
BRDA:106,20,0,15
BRDA:106,20,1,5
BRDA:112,21,0,0
BRDA:112,21,1,5
BRDA:112,22,0,5
BRDA:112,22,1,2
BRDA:114,23,0,0
BRDA:114,23,1,5
BRDA:114,24,0,5
BRDA:114,24,1,2
BRDA:124,25,0,5
BRDA:124,25,1,15
BRDA:130,26,0,1
BRDA:130,26,1,14
BRDA:130,27,0,15
BRDA:130,27,1,8
BRDA:131,28,0,1
BRDA:131,28,1,0
BRDA:132,29,0,1
BRDA:132,29,1,13
BRDA:132,30,0,14
BRDA:132,30,1,8
BRDA:133,31,0,1
BRDA:133,31,1,0
BRDA:143,32,0,104
BRDA:143,32,1,4
BRDA:146,33,0,4
BRDA:146,33,1,3
BRDA:148,34,0,4
BRDA:148,34,1,3
BRDA:151,35,0,1
BRDA:151,35,1,3
BRDA:151,36,0,4
BRDA:151,36,1,3
BRDA:153,37,0,1
BRDA:153,37,1,2
BRDA:153,38,0,3
BRDA:153,38,1,1
BRDA:165,39,0,87
BRDA:165,39,1,21
BRDA:168,40,0,1
BRDA:168,40,1,20
BRDA:168,41,0,21
BRDA:168,41,1,1
BRDA:170,42,0,4
BRDA:170,42,1,16
BRDA:170,43,0,20
BRDA:170,43,1,4
BRDA:184,44,0,14
BRDA:184,44,1,4
BRDA:186,45,0,4
BRDA:186,45,1,80
BRDA:186,46,0,84
BRDA:186,46,1,4
BRDA:189,47,0,16
BRDA:189,47,1,2
BRDA:191,48,0,3
BRDA:191,48,1,93
BRDA:191,49,0,96
BRDA:191,49,1,3
BRDA:198,50,0,14
BRDA:198,50,1,4
BRDA:200,51,0,2
BRDA:200,51,1,82
BRDA:200,52,0,84
BRDA:200,52,1,2
BRDA:203,53,0,16
BRDA:203,53,1,2
BRDA:205,54,0,3
BRDA:205,54,1,93
BRDA:205,55,0,96
BRDA:205,55,1,3
BRDA:217,56,0,21
BRDA:217,56,1,129
BRDA:217,57,0,150
BRDA:217,57,1,58
BRDA:218,58,0,1
BRDA:218,58,1,20
BRDA:218,59,0,21
BRDA:218,59,1,14
BRDA:219,60,0,1
BRDA:219,60,1,0
BRDA:219,61,0,1
BRDA:219,61,1,0
BRDA:221,62,0,1
BRDA:221,62,1,20
BRDA:221,63,0,21
BRDA:221,63,1,21
BRDA:222,64,0,1
BRDA:222,64,1,0
BRDA:222,65,0,1
BRDA:222,65,1,0
BRDA:231,66,0,21
BRDA:231,66,1,129
BRDA:231,67,0,150
BRDA:231,67,1,48
BRDA:232,68,0,1
BRDA:232,68,1,20
BRDA:232,69,0,21
BRDA:232,69,1,21
BRDA:233,70,0,1
BRDA:233,70,1,0
BRDA:233,71,0,1
BRDA:233,71,1,0
BRDA:235,72,0,2
BRDA:235,72,1,19
BRDA:235,73,0,21
BRDA:235,73,1,21
BRDA:236,74,0,2
BRDA:236,74,1,0
BRDA:236,75,0,1
BRDA:236,75,1,1
BRDA:245,76,0,3
BRDA:245,76,1,0
BRDA:247,77,0,0
BRDA:247,77,1,0
BRDA:253,78,0,2
BRDA:253,78,1,0
BRDA:253,79,0,2
BRDA:253,79,1,2
BRF:168
BRH:148
end_of_record
TN:
SF:www/index.js
FN:5,(anonymous_0)
FN:17,(anonymous_1)
FN:38,(anonymous_2)
FN:45,(anonymous_3)
FN:52,(anonymous_4)
FN:57,(anonymous_5)
FN:71,(anonymous_6)
FN:82,(anonymous_7)
FN:105,(anonymous_8)
FN:109,(anonymous_9)
FN:130,(anonymous_10)
FN:131,(anonymous_11)
FN:158,(anonymous_12)
FN:199,(anonymous_13)
FN:216,(anonymous_14)
FN:237,(anonymous_15)
FN:243,(anonymous_16)
FN:251,(anonymous_17)
FN:256,(anonymous_18)
FN:264,(anonymous_19)
FN:273,(anonymous_20)
FN:280,(anonymous_21)
FN:334,(anonymous_22)
FN:359,(anonymous_23)
FN:363,(anonymous_24)
FNF:25
FNH:21
FNDA:15,(anonymous_0)
FNDA:15,(anonymous_1)
FNDA:2,(anonymous_2)
FNDA:15,(anonymous_3)
FNDA:1,(anonymous_4)
FNDA:28,(anonymous_5)
FNDA:3,(anonymous_6)
FNDA:28,(anonymous_7)
FNDA:13,(anonymous_8)
FNDA:68,(anonymous_9)
FNDA:68,(anonymous_10)
FNDA:131,(anonymous_11)
FNDA:13,(anonymous_12)
FNDA:17,(anonymous_13)
FNDA:1,(anonymous_14)
FNDA:0,(anonymous_15)
FNDA:0,(anonymous_16)
FNDA:13,(anonymous_17)
FNDA:65,(anonymous_18)
FNDA:28,(anonymous_19)
FNDA:42,(anonymous_20)
FNDA:636,(anonymous_21)
FNDA:5,(anonymous_22)
FNDA:0,(anonymous_23)
FNDA:0,(anonymous_24)
DA:6,15
DA:7,15
DA:8,15
DA:9,15
DA:10,15
DA:11,15
DA:12,15
DA:13,15
DA:14,15
DA:19,15
DA:20,15
DA:25,15
DA:28,15
DA:29,15
DA:30,15
DA:31,15
DA:33,15
DA:34,0
DA:38,15
DA:41,15
DA:42,15
DA:46,15
DA:47,1500
DA:48,1500
DA:49,1500
DA:50,1500
DA:52,15
DA:53,1
DA:58,28
DA:59,28
DA:61,28
DA:62,28
DA:63,1
DA:65,27
DA:68,27
DA:71,27
DA:72,3
DA:75,27
DA:76,27
DA:78,1
DA:83,28
DA:84,28
DA:85,28
DA:88,28
DA:89,106
DA:90,412
DA:91,412
DA:93,412
DA:94,412
DA:95,412
DA:96,412
DA:99,412
DA:100,412
DA:101,4
DA:102,4
DA:105,408
DA:109,412
DA:110,68
DA:112,68
DA:113,36
DA:114,3
DA:115,3
DA:116,3
DA:117,3
DA:119,32
DA:120,32
DA:121,2
DA:122,2
DA:123,2
DA:124,2
DA:130,412
DA:131,131
DA:132,68
DA:133,10
DA:134,10
DA:135,6
DA:136,3
DA:137,3
DA:138,3
DA:139,3
DA:141,4
DA:142,4
DA:143,2
DA:144,2
DA:145,2
DA:146,2
DA:152,412
DA:153,412
DA:160,13
DA:162,13
DA:163,13
DA:165,13
DA:166,13
DA:167,13
DA:170,13
DA:171,11
DA:172,2
DA:173,1
DA:174,1
DA:175,1
DA:177,1
DA:181,13
DA:184,13
DA:185,2
DA:186,2
DA:190,13
DA:191,12
DA:192,12
DA:195,13
DA:196,13
DA:200,17
DA:203,17
DA:204,16
DA:206,1
DA:209,17
DA:210,15
DA:211,2
DA:212,1
DA:217,1
DA:220,0
DA:223,0
DA:224,0
DA:226,0
DA:227,0
DA:228,0
DA:229,0
DA:231,0
DA:232,0
DA:238,0
DA:240,0
DA:243,0
DA:244,0
DA:247,0
DA:248,0
DA:252,13
DA:254,6
DA:255,6
DA:256,6
DA:257,65
DA:258,65
DA:259,65
DA:260,65
DA:265,28
DA:266,0
DA:268,28
DA:269,28
DA:270,28
DA:274,42
DA:276,42
DA:277,42
DA:280,42
DA:281,636
DA:284,42
DA:287,41
DA:288,158
DA:289,620
DA:292,620
DA:293,304
DA:294,304
DA:295,304
DA:296,304
DA:297,3
DA:298,3
DA:299,3
DA:304,620
DA:305,304
DA:306,304
DA:307,304
DA:308,304
DA:309,0
DA:310,0
DA:311,0
DA:316,620
DA:317,620
DA:318,12
DA:319,48
DA:324,620
DA:325,620
DA:326,0
DA:327,0
DA:334,41
DA:335,5
DA:336,5
DA:337,5
DA:339,5
DA:340,0
DA:341,0
DA:342,0
DA:344,0
DA:345,0
DA:346,0
DA:354,1
DA:355,0
DA:356,0
DA:359,0
DA:360,0
DA:363,0
DA:364,0
LF:198
LH:164
BRDA:33,0,0,0
BRDA:33,0,1,15
BRDA:33,1,0,15
BRDA:33,1,1,15
BRDA:33,1,2,15
BRDA:33,1,3,15
BRDA:62,2,0,1
BRDA:62,2,1,27
BRDA:100,3,0,4
BRDA:100,3,1,408
BRDA:112,4,0,36
BRDA:112,4,1,32
BRDA:113,5,0,3
BRDA:113,5,1,33
BRDA:113,6,0,36
BRDA:113,6,1,10
BRDA:119,7,0,32
BRDA:119,7,1,0
BRDA:120,8,0,2
BRDA:120,8,1,30
BRDA:120,9,0,32
BRDA:120,9,1,8
BRDA:131,10,0,131
BRDA:131,10,1,33
BRDA:132,11,0,10
BRDA:132,11,1,58
BRDA:134,12,0,6
BRDA:134,12,1,4
BRDA:135,13,0,3
BRDA:135,13,1,3
BRDA:141,14,0,4
BRDA:141,14,1,0
BRDA:142,15,0,2
BRDA:142,15,1,2
BRDA:163,16,0,0
BRDA:163,16,1,13
BRDA:165,17,0,13
BRDA:165,17,1,11
BRDA:170,18,0,11
BRDA:170,18,1,2
BRDA:172,19,0,1
BRDA:172,19,1,1
BRDA:174,20,0,1
BRDA:174,20,1,0
BRDA:184,21,0,2
BRDA:184,21,1,11
BRDA:190,22,0,12
BRDA:190,22,1,1
BRDA:203,23,0,16
BRDA:203,23,1,1
BRDA:209,24,0,15
BRDA:209,24,1,2
BRDA:211,25,0,1
BRDA:211,25,1,1
BRDA:217,26,0,1
BRDA:217,26,1,0
BRDA:229,27,0,0
BRDA:229,27,1,0
BRDA:252,28,0,7
BRDA:252,28,1,6
BRDA:265,29,0,0
BRDA:265,29,1,28
BRDA:274,30,0,0
BRDA:274,30,1,42
BRDA:284,31,0,1
BRDA:284,31,1,41
BRDA:292,32,0,304
BRDA:292,32,1,316
BRDA:296,33,0,3
BRDA:296,33,1,301
BRDA:296,34,0,304
BRDA:296,34,1,19
BRDA:296,34,2,8
BRDA:304,35,0,304
BRDA:304,35,1,316
BRDA:308,36,0,0
BRDA:308,36,1,304
BRDA:308,37,0,304
BRDA:308,37,1,22
BRDA:308,37,2,0
BRDA:317,38,0,12
BRDA:317,38,1,608
BRDA:317,39,0,620
BRDA:317,39,1,608
BRDA:325,40,0,0
BRDA:325,40,1,620
BRDA:325,41,0,620
BRDA:325,41,1,620
BRDA:339,42,0,0
BRDA:339,42,1,5
BRDA:339,43,0,5
BRDA:339,43,1,1
BRDA:341,44,0,0
BRDA:341,44,1,0
BRDA:341,45,0,0
BRDA:341,45,1,0
BRDA:342,46,0,0
BRDA:342,46,1,0
BRDA:342,47,0,0
BRDA:342,47,1,0
BRDA:344,48,0,0
BRDA:344,48,1,0
BRDA:354,49,0,0
BRDA:354,49,1,1
BRDA:354,50,0,1
BRDA:354,50,1,1
BRF:106
BRH:81
end_of_record
